<?xml version="1.0" encoding="UTF-8"?>
<!-- Generated by org.testng.reporters.JUnitXMLReporter -->
<testsuite ignored="0" hostname="DESKTOP-RUFP0BD" failures="11" tests="12" name="HL" time="164.001" errors="0" timestamp="2022-12-14T00:07:03 EET">
  <testcase classname="com.freecrm.testcases.HomePageTest" name="urlCheck" time="0.032">
    <failure type="java.lang.AssertionError" message="The following asserts failed:
	expected [https://classic.freecrm.com/index.cfm?CFID=2102726&amp;amp;CFTOKEN=823b7dcc29de5e26-87F7B7DD-BF3F-6DE4-EBD85681188A5C8C&amp;amp;jsessionid=a630b2c92f5d9626563e1110d23674de3b31] but found [https://classic.freecrm.com/index.cfm?CFID=2197047&amp;amp;CFTOKEN=47e7c2c266cba7f6-0D84B075-BFD7-B3D6-F9469002C0F637F4&amp;amp;jsessionid=a6307cae5c5ef13e8c935c1b2373d1379053]">
      <![CDATA[java.lang.AssertionError: The following asserts failed:
expected [https://classic.freecrm.com/index.cfm?CFID=2102726&CFTOKEN=823b7dcc29de5e26-87F7B7DD-BF3F-6DE4-EBD85681188A5C8C&jsessionid=a630b2c92f5d9626563e1110d23674de3b31] but found [https://classic.freecrm.com/index.cfm?CFID=2197047&CFTOKEN=47e7c2c266cba7f6-0D84B075-BFD7-B3D6-F9469002C0F637F4&jsessionid=a6307cae5c5ef13e8c935c1b2373d1379053]
at com.freecrm.testcases.HomePageTest.urlCheck(HomePageTest.java:39)
at java.base/java.util.ArrayList.forEach(ArrayList.java:1511)
... Removed 29 stack frames]]>
    </failure>
  </testcase> <!-- urlCheck -->
  <testcase classname="com.freecrm.testcases.HomePageTest" name="titleTest" time="0.017"/>
  <testcase classname="com.freecrm.testcases.LoginPageTest" name="titleTest" time="0.076">
    <failure type="java.lang.NullPointerException" message="Cannot invoke &amp;quot;org.openqa.selenium.TakesScreenshot.getScreenshotAs(org.openqa.selenium.OutputType)&amp;quot; because &amp;quot;com.freecrm.testcases.ReadExcel.driver&amp;quot; is null">
      <![CDATA[java.lang.NullPointerException: Cannot invoke "org.openqa.selenium.TakesScreenshot.getScreenshotAs(org.openqa.selenium.OutputType)" because "com.freecrm.testcases.ReadExcel.driver" is null
at com.freecrm.testcases.ReadExcel.takeScreenShot(ReadExcel.java:42)
at com.freecrm.testcases.LoginPageTest.titleTest(LoginPageTest.java:40)
at java.base/java.util.ArrayList.forEach(ArrayList.java:1511)
... Removed 27 stack frames]]>
    </failure>
  </testcase> <!-- titleTest -->
  <testcase classname="com.freecrm.testcases.LoginPageTest" name="urlCheck" time="0.061">
    <failure type="java.lang.NullPointerException" message="Cannot invoke &amp;quot;org.openqa.selenium.TakesScreenshot.getScreenshotAs(org.openqa.selenium.OutputType)&amp;quot; because &amp;quot;com.freecrm.testcases.ReadExcel.driver&amp;quot; is null">
      <![CDATA[java.lang.NullPointerException: Cannot invoke "org.openqa.selenium.TakesScreenshot.getScreenshotAs(org.openqa.selenium.OutputType)" because "com.freecrm.testcases.ReadExcel.driver" is null
at com.freecrm.testcases.ReadExcel.takeScreenShot(ReadExcel.java:42)
at com.freecrm.testcases.LoginPageTest.urlCheck(LoginPageTest.java:50)
at java.base/java.util.ArrayList.forEach(ArrayList.java:1511)
... Removed 27 stack frames]]>
    </failure>
  </testcase> <!-- urlCheck -->
  <testcase classname="com.freecrm.testcases.LoginPageTest" name="logoCheck" time="0.205">
    <failure type="java.lang.NullPointerException" message="Cannot invoke &amp;quot;org.openqa.selenium.TakesScreenshot.getScreenshotAs(org.openqa.selenium.OutputType)&amp;quot; because &amp;quot;com.freecrm.testcases.ReadExcel.driver&amp;quot; is null">
      <![CDATA[java.lang.NullPointerException: Cannot invoke "org.openqa.selenium.TakesScreenshot.getScreenshotAs(org.openqa.selenium.OutputType)" because "com.freecrm.testcases.ReadExcel.driver" is null
at com.freecrm.testcases.ReadExcel.takeScreenShot(ReadExcel.java:42)
at com.freecrm.testcases.LoginPageTest.logoCheck(LoginPageTest.java:61)
at java.base/java.util.ArrayList.forEach(ArrayList.java:1511)
... Removed 27 stack frames]]>
    </failure>
  </testcase> <!-- logoCheck -->
  <testcase classname="com.freecrm.testcases.LoginPageTest" name="clickHomeCheck" time="2.508">
    <failure type="java.lang.NullPointerException" message="Cannot invoke &amp;quot;org.openqa.selenium.TakesScreenshot.getScreenshotAs(org.openqa.selenium.OutputType)&amp;quot; because &amp;quot;com.freecrm.testcases.ReadExcel.driver&amp;quot; is null">
      <![CDATA[java.lang.NullPointerException: Cannot invoke "org.openqa.selenium.TakesScreenshot.getScreenshotAs(org.openqa.selenium.OutputType)" because "com.freecrm.testcases.ReadExcel.driver" is null
at com.freecrm.testcases.ReadExcel.takeScreenShot(ReadExcel.java:42)
at com.freecrm.testcases.LoginPageTest.clickHomeCheck(LoginPageTest.java:72)
at java.base/java.util.ArrayList.forEach(ArrayList.java:1511)
... Removed 27 stack frames]]>
    </failure>
  </testcase> <!-- clickHomeCheck -->
  <testcase classname="com.freecrm.testcases.LoginPageTest" name="clickSignUpCheck" time="5.095">
    <failure type="java.lang.NullPointerException" message="Cannot invoke &amp;quot;org.openqa.selenium.TakesScreenshot.getScreenshotAs(org.openqa.selenium.OutputType)&amp;quot; because &amp;quot;com.freecrm.testcases.ReadExcel.driver&amp;quot; is null">
      <![CDATA[java.lang.NullPointerException: Cannot invoke "org.openqa.selenium.TakesScreenshot.getScreenshotAs(org.openqa.selenium.OutputType)" because "com.freecrm.testcases.ReadExcel.driver" is null
at com.freecrm.testcases.ReadExcel.takeScreenShot(ReadExcel.java:42)
at com.freecrm.testcases.LoginPageTest.clickSignUpCheck(LoginPageTest.java:82)
at java.base/java.util.ArrayList.forEach(ArrayList.java:1511)
... Removed 27 stack frames]]>
    </failure>
  </testcase> <!-- clickSignUpCheck -->
  <testcase classname="com.freecrm.testcases.LoginPageTest" name="clickPricingCheck" time="12.884">
    <failure type="java.lang.NullPointerException" message="Cannot invoke &amp;quot;org.openqa.selenium.TakesScreenshot.getScreenshotAs(org.openqa.selenium.OutputType)&amp;quot; because &amp;quot;com.freecrm.testcases.ReadExcel.driver&amp;quot; is null">
      <![CDATA[java.lang.NullPointerException: Cannot invoke "org.openqa.selenium.TakesScreenshot.getScreenshotAs(org.openqa.selenium.OutputType)" because "com.freecrm.testcases.ReadExcel.driver" is null
at com.freecrm.testcases.ReadExcel.takeScreenShot(ReadExcel.java:42)
at com.freecrm.testcases.LoginPageTest.clickPricingCheck(LoginPageTest.java:92)
at java.base/java.util.ArrayList.forEach(ArrayList.java:1511)
... Removed 27 stack frames]]>
    </failure>
  </testcase> <!-- clickPricingCheck -->
  <testcase classname="com.freecrm.testcases.LoginPageTest" name="clickFeaturesCheck" time="4.148">
    <failure type="java.lang.NullPointerException" message="Cannot invoke &amp;quot;org.openqa.selenium.TakesScreenshot.getScreenshotAs(org.openqa.selenium.OutputType)&amp;quot; because &amp;quot;com.freecrm.testcases.ReadExcel.driver&amp;quot; is null">
      <![CDATA[java.lang.NullPointerException: Cannot invoke "org.openqa.selenium.TakesScreenshot.getScreenshotAs(org.openqa.selenium.OutputType)" because "com.freecrm.testcases.ReadExcel.driver" is null
at com.freecrm.testcases.ReadExcel.takeScreenShot(ReadExcel.java:42)
at com.freecrm.testcases.LoginPageTest.clickFeaturesCheck(LoginPageTest.java:102)
at java.base/java.util.ArrayList.forEach(ArrayList.java:1511)
... Removed 27 stack frames]]>
    </failure>
  </testcase> <!-- clickFeaturesCheck -->
  <testcase classname="com.freecrm.testcases.LoginPageTest" name="clickCustomersCheck" time="9.489">
    <failure type="java.lang.NullPointerException" message="Cannot invoke &amp;quot;org.openqa.selenium.TakesScreenshot.getScreenshotAs(org.openqa.selenium.OutputType)&amp;quot; because &amp;quot;com.freecrm.testcases.ReadExcel.driver&amp;quot; is null">
      <![CDATA[java.lang.NullPointerException: Cannot invoke "org.openqa.selenium.TakesScreenshot.getScreenshotAs(org.openqa.selenium.OutputType)" because "com.freecrm.testcases.ReadExcel.driver" is null
at com.freecrm.testcases.ReadExcel.takeScreenShot(ReadExcel.java:42)
at com.freecrm.testcases.LoginPageTest.clickCustomersCheck(LoginPageTest.java:112)
at java.base/java.util.ArrayList.forEach(ArrayList.java:1511)
... Removed 27 stack frames]]>
    </failure>
  </testcase> <!-- clickCustomersCheck -->
  <testcase classname="com.freecrm.testcases.LoginPageTest" name="clickContactCheck" time="8.466">
    <failure type="java.lang.NullPointerException" message="Cannot invoke &amp;quot;org.openqa.selenium.TakesScreenshot.getScreenshotAs(org.openqa.selenium.OutputType)&amp;quot; because &amp;quot;com.freecrm.testcases.ReadExcel.driver&amp;quot; is null">
      <![CDATA[java.lang.NullPointerException: Cannot invoke "org.openqa.selenium.TakesScreenshot.getScreenshotAs(org.openqa.selenium.OutputType)" because "com.freecrm.testcases.ReadExcel.driver" is null
at com.freecrm.testcases.ReadExcel.takeScreenShot(ReadExcel.java:42)
at com.freecrm.testcases.LoginPageTest.clickContactCheck(LoginPageTest.java:122)
at java.base/java.util.ArrayList.forEach(ArrayList.java:1511)
... Removed 27 stack frames]]>
    </failure>
  </testcase> <!-- clickContactCheck -->
  <testcase classname="com.freecrm.testcases.LoginPageTest" name="loginTest" time="4.019">
    <failure type="java.lang.NullPointerException" message="Cannot invoke &amp;quot;org.openqa.selenium.TakesScreenshot.getScreenshotAs(org.openqa.selenium.OutputType)&amp;quot; because &amp;quot;com.freecrm.testcases.ReadExcel.driver&amp;quot; is null">
      <![CDATA[java.lang.NullPointerException: Cannot invoke "org.openqa.selenium.TakesScreenshot.getScreenshotAs(org.openqa.selenium.OutputType)" because "com.freecrm.testcases.ReadExcel.driver" is null
at com.freecrm.testcases.ReadExcel.takeScreenShot(ReadExcel.java:42)
at com.freecrm.testcases.LoginPageTest.loginTest(LoginPageTest.java:134)
at java.base/java.util.ArrayList.forEach(ArrayList.java:1511)
... Removed 27 stack frames]]>
    </failure>
  </testcase> <!-- loginTest -->
</testsuite> <!-- HL -->
